<?xml version="1.0" encoding="UTF-8"?>
<!-- Generated by org.testng.reporters.JUnitReportReporter -->
<testsuite hostname="DESKTOP-DALC184" failures="0" tests="6" name="testCases.UserFlowTest" time="31.326" errors="0" timestamp="2025-04-14T08:09:03 IST" skipped="0">
  <testcase classname="testCases.UserFlowTest" name="clickSignUp" time="0.289"/>
  <testcase classname="testCases.UserFlowTest" name="fillForm" time="5.902"/>
  <testcase classname="testCases.UserFlowTest" name="signinTest" time="3.600"/>
  <testcase classname="testCases.UserFlowTest" name="crateNotes" time="3.810"/>
  <testcase classname="testCases.UserFlowTest" name="testTodo" time="9.451"/>
  <testcase classname="testCases.UserFlowTest" name="logout" time="8.274"/>
</testsuite> <!-- testCases.UserFlowTest -->
