<?xml version="1.0" encoding="UTF-8"?>
<!-- Generated by org.testng.reporters.JUnitReportReporter -->
<testsuite hostname="DESKTOP-DALC184" failures="0" tests="1" name="testCases.TC_001_ClickSignUpPage" time="0.177" errors="0" timestamp="2025-04-12T17:01:47 IST" skipped="0">
  <testcase classname="testCases.TC_001_ClickSignUpPage" name="signUp" time="0.177"/>
</testsuite> <!-- testCases.TC_001_ClickSignUpPage -->
